#
# A fatal error has been detected by the Java Runtime Environment:
#
#  EXCEPTION_ACCESS_VIOLATION (0xc0000005) at pc=0x69d5dbd0, pid=3744, tid=1664
#
# JRE version: 7.0-b147
# Java VM: Java HotSpot(TM) Client VM (21.0-b17 mixed mode windows-x86 )
# Problematic frame:
# C  [nvoglv32.DLL+0x85dbd0]
#
# Failed to write core dump. Minidumps are not enabled by default on client versions of Windows
#
# If you would like to submit a bug report, please visit:
#   http://bugreport.sun.com/bugreport/crash.jsp
# The crash happened outside the Java Virtual Machine in native code.
# See problematic frame for where to report the bug.
#

---------------  T H R E A D  ---------------

Current thread (0x00cd5000):  JavaThread "AWT-EventQueue-0" [_thread_in_native, id=1664, stack(0x1abf0000,0x1ac40000)]

siginfo: ExceptionCode=0xc0000005, reading address 0x68007400

Registers:
EAX=0x1ca449fc, EBX=0x1c5c0020, ECX=0x68007400, EDX=0x00000003
ESP=0x1ac3ef74, EBP=0x1ac3ef8c, ESI=0x1ab60000, EDI=0x00000000
EIP=0x69d5dbd0, EFLAGS=0x00010206

Top of Stack: (sp=0x1ac3ef74)
0x1ac3ef74:   00000001 1ab60000 13d526c0 00000000
0x1ac3ef84:   68007400 00000000 1ac3efa0 69da470a
0x1ac3ef94:   00000001 00000004 13d526c0 1ac3efb8
0x1ac3efa4:   695477a2 1ab60000 00cd5000 13d526c0
0x1ac3efb4:   00a64469 1ac3eff8 0199eef2 00cd5128
0x1ac3efc4:   1ac3f008 00a6fc05 43f60000 438c8000
0x1ac3efd4:   00000000 1ac3efd8 00000000 1ac3f008
0x1ac3efe4:   13df5890 00000000 13d526c0 00000000 

Instructions: (pc=0x69d5dbd0)
0x69d5dbb0:   8b 96 b0 c8 01 00 8b 42 60 8b cf c1 e1 12 81 c9
0x69d5dbc0:   40 16 00 40 89 08 8b 4d f8 83 c0 04 8d 64 24 00
0x69d5dbd0:   8b 11 89 10 83 c0 04 83 c1 04 83 ef 01 75 f1 89
0x69d5dbe0:   4d f8 8b 4d fc 85 c9 75 8e c7 00 e0 15 04 00 89 


Register to memory mapping:

EAX=0x1ca449fc is an unknown value
EBX=0x1c5c0020 is an unknown value
ECX=0x68007400 is an unknown value
EDX=0x00000003 is an unknown value
ESP=0x1ac3ef74 is pointing into the stack for thread: 0x00cd5000
EBP=0x1ac3ef8c is pointing into the stack for thread: 0x00cd5000
ESI=0x1ab60000 is an unknown value
EDI=0x00000000 is an unknown value


Stack: [0x1abf0000,0x1ac40000],  sp=0x1ac3ef74,  free space=315k
Native frames: (J=compiled Java code, j=interpreted, Vv=VM code, C=native code)
C  [nvoglv32.DLL+0x85dbd0]  DrvPresentBuffers+0x106e30
C  [nvoglv32.DLL+0x8a470a]  DrvPresentBuffers+0x14d96a
C  [nvoglv32.DLL+0x477a2]
j  com.sun.opengl.impl.GLImpl.glEnd0()V+0
j  com.sun.opengl.impl.GLImpl.glEnd()V+1
j  JOGLFrame.display(Ljavax/media/opengl/GLAutoDrawable;)V+139
j  com.sun.opengl.impl.GLDrawableHelper.display(Ljavax/media/opengl/GLAutoDrawable;)V+29
j  javax.media.opengl.GLCanvas$DisplayAction.run()V+80
j  com.sun.opengl.impl.GLDrawableHelper.invokeGL(Ljavax/media/opengl/GLDrawable;Ljavax/media/opengl/GLContext;Ljava/lang/Runnable;Ljava/lang/Runnable;)V+418
j  javax.media.opengl.GLCanvas$DisplayOnEventDispatchThreadAction.run()V+35
j  java.awt.event.InvocationEvent.dispatch()V+11
j  java.awt.EventQueue.dispatchEventImpl(Ljava/awt/AWTEvent;Ljava/lang/Object;)V+21
j  java.awt.EventQueue.access$000(Ljava/awt/EventQueue;Ljava/awt/AWTEvent;Ljava/lang/Object;)V+3
j  java.awt.EventQueue$3.run()Ljava/lang/Void;+12
j  java.awt.EventQueue$3.run()Ljava/lang/Object;+1
v  ~StubRoutines::call_stub
V  [jvm.dll+0x122c7e]
V  [jvm.dll+0x1c9c0e]
V  [jvm.dll+0x122d0d]
V  [jvm.dll+0xd3c3a]
C  [java.dll+0x102f]  Java_java_security_AccessController_doPrivileged__Ljava_security_PrivilegedAction_2Ljava_security_AccessControlContext_2+0x17
j  java.security.ProtectionDomain$1.doIntersectionPrivilege(Ljava/security/PrivilegedAction;Ljava/security/AccessControlContext;Ljava/security/AccessControlContext;)Ljava/lang/Object;+28
j  java.awt.EventQueue.dispatchEvent(Ljava/awt/AWTEvent;)V+46
j  java.awt.EventDispatchThread.pumpOneEventForFilters(I)Z+245
j  java.awt.EventDispatchThread.pumpEventsForFilter(ILjava/awt/Conditional;Ljava/awt/EventFilter;)V+35
j  java.awt.EventDispatchThread.pumpEventsForHierarchy(ILjava/awt/Conditional;Ljava/awt/Component;)V+11
j  java.awt.EventDispatchThread.pumpEvents(ILjava/awt/Conditional;)V+4
j  java.awt.EventDispatchThread.pumpEvents(Ljava/awt/Conditional;)V+3
j  java.awt.EventDispatchThread.run()V+9
v  ~StubRoutines::call_stub
V  [jvm.dll+0x122c7e]
V  [jvm.dll+0x1c9c0e]
V  [jvm.dll+0x122e73]
V  [jvm.dll+0x122ed7]
V  [jvm.dll+0xccd1f]
V  [jvm.dll+0x14433f]
V  [jvm.dll+0x171549]
C  [msvcr100.dll+0x5c6de]  endthreadex+0x3a
C  [msvcr100.dll+0x5c788]  endthreadex+0xe4
C  [kernel32.dll+0x51114]  BaseThreadInitThunk+0x12
C  [ntdll.dll+0x5b429]  RtlInitializeExceptionChain+0x63
C  [ntdll.dll+0x5b3fc]  RtlInitializeExceptionChain+0x36

Java frames: (J=compiled Java code, j=interpreted, Vv=VM code)
j  com.sun.opengl.impl.GLImpl.glEnd0()V+0
j  com.sun.opengl.impl.GLImpl.glEnd()V+1
j  JOGLFrame.display(Ljavax/media/opengl/GLAutoDrawable;)V+139
j  com.sun.opengl.impl.GLDrawableHelper.display(Ljavax/media/opengl/GLAutoDrawable;)V+29
j  javax.media.opengl.GLCanvas$DisplayAction.run()V+80
j  com.sun.opengl.impl.GLDrawableHelper.invokeGL(Ljavax/media/opengl/GLDrawable;Ljavax/media/opengl/GLContext;Ljava/lang/Runnable;Ljava/lang/Runnable;)V+418
j  javax.media.opengl.GLCanvas$DisplayOnEventDispatchThreadAction.run()V+35
j  java.awt.event.InvocationEvent.dispatch()V+11
j  java.awt.EventQueue.dispatchEventImpl(Ljava/awt/AWTEvent;Ljava/lang/Object;)V+21
j  java.awt.EventQueue.access$000(Ljava/awt/EventQueue;Ljava/awt/AWTEvent;Ljava/lang/Object;)V+3
j  java.awt.EventQueue$3.run()Ljava/lang/Void;+12
j  java.awt.EventQueue$3.run()Ljava/lang/Object;+1
v  ~StubRoutines::call_stub
j  java.security.AccessController.doPrivileged(Ljava/security/PrivilegedAction;Ljava/security/AccessControlContext;)Ljava/lang/Object;+0
j  java.security.ProtectionDomain$1.doIntersectionPrivilege(Ljava/security/PrivilegedAction;Ljava/security/AccessControlContext;Ljava/security/AccessControlContext;)Ljava/lang/Object;+28
j  java.awt.EventQueue.dispatchEvent(Ljava/awt/AWTEvent;)V+46
j  java.awt.EventDispatchThread.pumpOneEventForFilters(I)Z+245
j  java.awt.EventDispatchThread.pumpEventsForFilter(ILjava/awt/Conditional;Ljava/awt/EventFilter;)V+35
j  java.awt.EventDispatchThread.pumpEventsForHierarchy(ILjava/awt/Conditional;Ljava/awt/Component;)V+11
j  java.awt.EventDispatchThread.pumpEvents(ILjava/awt/Conditional;)V+4
j  java.awt.EventDispatchThread.pumpEvents(Ljava/awt/Conditional;)V+3
j  java.awt.EventDispatchThread.run()V+9
v  ~StubRoutines::call_stub

---------------  P R O C E S S  ---------------

Java Threads: ( => current thread )
  0x00759800 JavaThread "DestroyJavaVM" [_thread_blocked, id=2884, stack(0x00700000,0x00750000)]
=>0x00cd5000 JavaThread "AWT-EventQueue-0" [_thread_in_native, id=1664, stack(0x1abf0000,0x1ac40000)]
  0x00cae000 JavaThread "Thread-1" [_thread_blocked, id=2224, stack(0x187d0000,0x18820000)]
  0x00c83c00 JavaThread "AWT-Windows" daemon [_thread_in_native, id=4000, stack(0x181f0000,0x18240000)]
  0x00c83000 JavaThread "AWT-Shutdown" [_thread_blocked, id=3156, stack(0x18470000,0x184c0000)]
  0x00c82800 JavaThread "Java2D Disposer" daemon [_thread_blocked, id=2888, stack(0x183c0000,0x18410000)]
  0x00baa000 JavaThread "Service Thread" daemon [_thread_blocked, id=3124, stack(0x18250000,0x182a0000)]
  0x00ba7800 JavaThread "C1 CompilerThread0" daemon [_thread_blocked, id=1424, stack(0x180f0000,0x18140000)]
  0x00b97c00 JavaThread "JDWP Command Reader" daemon [_thread_in_native, id=3380, stack(0x18150000,0x181a0000)]
  0x00b91000 JavaThread "JDWP Event Helper Thread" daemon [_thread_blocked, id=2376, stack(0x18060000,0x180b0000)]
  0x00b8a800 JavaThread "JDWP Transport Listener: dt_socket" daemon [_thread_blocked, id=2628, stack(0x17da0000,0x17df0000)]
  0x00b84400 JavaThread "Attach Listener" daemon [_thread_blocked, id=2064, stack(0x00a10000,0x00a60000)]
  0x00b81000 JavaThread "Signal Dispatcher" daemon [_thread_blocked, id=3076, stack(0x179d0000,0x17a20000)]
  0x006d9c00 JavaThread "Finalizer" daemon [_thread_blocked, id=708, stack(0x00ae0000,0x00b30000)]
  0x006d8400 JavaThread "Reference Handler" daemon [_thread_blocked, id=3952, stack(0x009c0000,0x00a10000)]

Other Threads:
  0x006d2c00 VMThread [stack: 0x00940000,0x00990000] [id=804]
  0x00bbb000 WatcherThread [stack: 0x17f80000,0x17fd0000] [id=3812]

VM state:not at safepoint (normal execution)

VM Mutex/Monitor currently owned by a thread: None

Heap
 def new generation   total 4928K, used 886K [0x03990000, 0x03ee0000, 0x08ee0000)
  eden space 4416K,   8% used [0x03990000, 0x039ed818, 0x03de0000)
  from space 512K, 100% used [0x03e60000, 0x03ee0000, 0x03ee0000)
  to   space 512K,   0% used [0x03de0000, 0x03de0000, 0x03e60000)
 tenured generation   total 10944K, used 589K [0x08ee0000, 0x09990000, 0x13990000)
   the space 10944K,   5% used [0x08ee0000, 0x08f735d8, 0x08f73600, 0x09990000)
 compacting perm gen  total 12288K, used 6097K [0x13990000, 0x14590000, 0x17990000)
   the space 12288K,  49% used [0x13990000, 0x13f846c0, 0x13f84800, 0x14590000)
No shared spaces configured.

Code Cache  [0x01990000, 0x01a28000, 0x03990000)
 total_blobs=350 nmethods=51 adapters=240 free_code_cache=32186Kb largest_free_block=32958592

Dynamic libraries:
0x00d60000 - 0x00d8f000 	C:\Program Files\Java\jre7\bin\javaw.exe
0x76e00000 - 0x76f3d000 	C:\Windows\SYSTEM32\ntdll.dll
0x76620000 - 0x766f4000 	C:\Windows\system32\kernel32.dll
0x75200000 - 0x7524a000 	C:\Windows\system32\KERNELBASE.dll
0x76760000 - 0x76800000 	C:\Windows\system32\ADVAPI32.dll
0x76200000 - 0x762ac000 	C:\Windows\system32\msvcrt.dll
0x76480000 - 0x76499000 	C:\Windows\SYSTEM32\sechost.dll
0x763d0000 - 0x76471000 	C:\Windows\system32\RPCRT4.dll
0x76b60000 - 0x76c29000 	C:\Windows\system32\USER32.dll
0x762b0000 - 0x762fe000 	C:\Windows\system32\GDI32.dll
0x77020000 - 0x7702a000 	C:\Windows\system32\LPK.dll
0x760a0000 - 0x7613d000 	C:\Windows\system32\USP10.dll
0x73f40000 - 0x740de000 	C:\Windows\WinSxS\x86_microsoft.windows.common-controls_6595b64144ccf1df_6.0.7600.16661_none_420fe3fa2b8113bd\COMCTL32.dll
0x76040000 - 0x76097000 	C:\Windows\system32\SHLWAPI.dll
0x761d0000 - 0x761ef000 	C:\Windows\system32\IMM32.DLL
0x76300000 - 0x763cc000 	C:\Windows\system32\MSCTF.dll
0x6f340000 - 0x6f3fe000 	C:\Program Files\Java\jre7\bin\msvcr100.dll
0x63d50000 - 0x64071000 	C:\Program Files\Java\jre7\bin\client\jvm.dll
0x73730000 - 0x73737000 	C:\Windows\system32\WSOCK32.dll
0x76fe0000 - 0x77015000 	C:\Windows\system32\WS2_32.dll
0x76f40000 - 0x76f46000 	C:\Windows\system32\NSI.dll
0x73220000 - 0x73252000 	C:\Windows\system32\WINMM.dll
0x76fa0000 - 0x76fa5000 	C:\Windows\system32\PSAPI.DLL
0x70c80000 - 0x70c8c000 	C:\Program Files\Java\jre7\bin\verify.dll
0x6d1c0000 - 0x6d1e0000 	C:\Program Files\Java\jre7\bin\java.dll
0x73020000 - 0x7304a000 	C:\Program Files\Java\jre7\bin\jdwp.dll
0x73e10000 - 0x73e17000 	C:\Program Files\Java\jre7\bin\npt.dll
0x6de40000 - 0x6de53000 	C:\Program Files\Java\jre7\bin\zip.dll
0x73e20000 - 0x73e28000 	C:\Program Files\Java\jre7\bin\dt_socket.dll
0x73210000 - 0x73220000 	C:\Windows\system32\NLAapi.dll
0x749b0000 - 0x749ec000 	C:\Windows\System32\mswsock.dll
0x74880000 - 0x748c4000 	C:\Windows\system32\DNSAPI.dll
0x6f250000 - 0x6f258000 	C:\Windows\System32\winrnr.dll
0x6f240000 - 0x6f250000 	C:\Windows\system32\napinsp.dll
0x6f220000 - 0x6f232000 	C:\Windows\system32\pnrpnsp.dll
0x6f210000 - 0x6f21d000 	C:\Windows\system32\wshbth.dll
0x6fc00000 - 0x6fc24000 	C:\Program Files\Common Files\Microsoft Shared\Windows Live\WLIDNSP.DLL
0x72eb0000 - 0x72ecc000 	C:\Windows\system32\IPHLPAPI.DLL
0x72ea0000 - 0x72ea7000 	C:\Windows\system32\WINNSI.DLL
0x713a0000 - 0x713d8000 	C:\Windows\System32\fwpuclnt.dll
0x6fbf0000 - 0x6fbf6000 	C:\Windows\system32\rasadhlp.dll
0x74420000 - 0x74425000 	C:\Windows\System32\wshtcpip.dll
0x64260000 - 0x643a2000 	C:\Program Files\Java\jre7\bin\awt.dll
0x76140000 - 0x761cf000 	C:\Windows\system32\OLEAUT32.dll
0x76800000 - 0x7695c000 	C:\Windows\system32\ole32.dll
0x73940000 - 0x73953000 	C:\Windows\system32\DWMAPI.DLL
0x73c90000 - 0x73cd0000 	C:\Windows\system32\uxtheme.dll
0x74ed0000 - 0x74edc000 	C:\Windows\system32\CRYPTBASE.dll
0x64090000 - 0x64253000 	C:\Windows\system32\d3d9.dll
0x74500000 - 0x74509000 	C:\Windows\system32\VERSION.dll
0x73010000 - 0x73016000 	C:\Windows\system32\d3d8thk.dll
0x60180000 - 0x60da2000 	C:\Windows\system32\nvd3dum.dll
0x73860000 - 0x73885000 	C:\Windows\system32\powrprof.dll
0x75250000 - 0x753ed000 	C:\Windows\system32\SETUPAPI.dll
0x751d0000 - 0x751f7000 	C:\Windows\system32\CFGMGR32.dll
0x75000000 - 0x75012000 	C:\Windows\system32\DEVOBJ.dll
0x00a60000 - 0x00aad000 	D:\Workspace\Eclipse\TI2710-B\TI2710-B_assignment1\jogl.dll
0x6b200000 - 0x6b2c8000 	C:\Windows\system32\OPENGL32.dll
0x70c90000 - 0x70cb2000 	C:\Windows\system32\GLU32.dll
0x64760000 - 0x64847000 	C:\Windows\system32\DDRAW.dll
0x6de30000 - 0x6de36000 	C:\Windows\system32\DCIMAN32.dll
0x6f310000 - 0x6f33a000 	C:\Program Files\Java\jre7\bin\fontmanager.dll
0x6f270000 - 0x6f276000 	C:\Program Files\Java\jre7\bin\jawt.dll
0x006f0000 - 0x006f5000 	D:\Workspace\Eclipse\TI2710-B\TI2710-B_assignment1\jogl_awt.dll
0x69500000 - 0x6a4f6000 	C:\Windows\system32\nvoglv32.DLL
0x74fd0000 - 0x74ffd000 	C:\Windows\system32\WINTRUST.dll
0x75020000 - 0x7513c000 	C:\Windows\system32\CRYPT32.dll
0x74fc0000 - 0x74fcc000 	C:\Windows\system32\MSASN1.dll

VM Arguments:
jvm_args: -agentlib:jdwp=transport=dt_socket,suspend=y,address=localhost:51233 -Dfile.encoding=Cp1252 
java_command: RunAssignment1
Launcher Type: SUN_STANDARD

Environment Variables:
PATH=C:/Program Files/Java/jre7/bin/client;C:/Program Files/Java/jre7/bin;C:/Program Files/Java/jre7/lib/i386;C:\Program Files\Common Files\Microsoft Shared\Windows Live;C:\Program Files\NVIDIA Corporation\PhysX\Common;C:\Windows\system32;C:\Windows;C:\Windows\System32\Wbem;C:\Windows\System32\WindowsPowerShell\v1.0\;C:\Program Files\eclipse;
USERNAME=Kang
OS=Windows_NT
PROCESSOR_IDENTIFIER=x86 Family 6 Model 23 Stepping 6, GenuineIntel



---------------  S Y S T E M  ---------------

OS: Windows 7 Build 7600 

CPU:total 2 (2 cores per cpu, 1 threads per core) family 6 model 23 stepping 6, cmov, cx8, fxsr, mmx, sse, sse2, sse3, ssse3, sse4.1

Memory: 4k page, physical 2080056k(844600k free), swap 4160112k(2552072k free)

vm_info: Java HotSpot(TM) Client VM (21.0-b17) for windows-x86 JRE (1.7.0-b147), built on Jun 27 2011 02:25:52 by "java_re" with unknown MS VC++:1600

time: Sun Sep 18 17:54:00 2011
elapsed time: 0 seconds

